0	1	mikroCARM.exe -MSF -DBG -pSTM32F107VC -UICD -RA -BIN -LHF -DL -SSA -O11111114 -fo72 -N"D:\Clicks_git\P\Pressure_8_click\SW\example\c\ARM\STM\Click_Pressure8_STM.mcpar" -SP"C:\Users\Public\Documents\Mikroelektronika\mikroC PRO for ARM\Defs\" -SP"C:\Users\Public\Documents\Mikroelektronika\mikroC PRO for ARM\Uses\ST M3\" -SP"D:\Clicks_git\P\Pressure_8_click\SW\example\c\ARM\STM\" -SP"D:\Clicks_git\P\Pressure_8_click\SW\library\HAL\" -SP"D:\Clicks_git\P\Pressure_8_click\SW\library\" -SP"C:\Users\Public\Documents\Mikroelektronika\mikroC PRO for ARM\Packages\mikroBUS Board Definition API\Uses\" -IP"C:\Users\Public\Documents\Mikroelektronika\mikroC PRO for ARM\Uses\ST M3\" -IP"D:\Clicks_git\P\Pressure_8_click\SW\example\c\ARM\STM\" -IP"D:\Clicks_git\P\Pressure_8_click\SW\library\" -IP"D:\Clicks_git\P\Pressure_8_click\SW\library\HAL\" -IP"C:\Users\Public\Documents\Mikroelektronika\mikroC PRO for ARM\Packages\mikroBUS Board Definition API\Uses\" "Click_Pressure8_STM.c" "__pressure8_driver.c" "__Lib_Math.emcl" "__Lib_MathDouble.emcl" "__Lib_Delays.emcl" "__Lib_System_105_107.emcl" "__Lib_GPIO_32F10x_Defs.emcl" "__Lib_GPIO_32F10x.emcl" "__Lib_CString.emcl" "__Lib_Conversions.emcl" "__Lib_I2C_12.emcl" "__Lib_UART_123_45.emcl" "easymx_v7_STM32F107VC.emcl" "Click_Pressure8.pld"	 
diagnostics: 0	122	Compilation Started	STM32F107VC.c
diagnostics: 38838	123	Compiled Successfully	STM32F107VC.c
diagnostics: 0	122	Compilation Started	__Lib_Delays.c
diagnostics: 118	123	Compiled Successfully	__Lib_Delays.c
hint: 66	1164	Variable 'cycles_div_by_10' has been eliminated by optimizer	__Lib_Delays.c
hint: 87	1164	Variable 'NumberOfCyc' has been eliminated by optimizer	__Lib_Delays.c
hint: 104	1164	Variable 'NumberOfCyc' has been eliminated by optimizer	__Lib_Delays.c
diagnostics: 0	122	Compilation Started	__lib_gpio.h
diagnostics: 814	123	Compiled Successfully	__Lib_GPIO_32F10x_Defs.c
diagnostics: 0	122	Compilation Started	stdint.h
diagnostics: 349	123	Compiled Successfully	easymx_v7_STM32F107VC.c
diagnostics: 0	122	Compilation Started	stdint.h
diagnostics: 69	123	Compiled Successfully	Click_Pressure8_STM.c
hint: 49	1164	Variable 'PressureData' has been eliminated by optimizer	Click_Pressure8_STM.c
diagnostics: 0	122	Compilation Started	stdint.h
diagnostics: 158	123	Compiled Successfully	__pressure8_driver.c
hint: 323	1164	Variable 'tmp' has been eliminated by optimizer	__pressure8_driver.c
hint: 84	1164	Variable 'tmp' has been eliminated by optimizer	__pressure8_driver.c
hint: 101	1164	Variable 'ptr' has been eliminated by optimizer	__pressure8_driver.c
hint: 109	1164	Variable 'ptr' has been eliminated by optimizer	__pressure8_driver.c
diagnostics: 0	127	All files Compiled in 94 ms	 
hint: 0	1144	Used RX: 16 (100%)   Free RX: 0 (0%)	Used RX: 16 (100%)   Free RX: 0 (0%)
hint: 0	1144	Static RAM (bytes): 168   Dynamic RAM (bytes): 65365	Static RAM (bytes): 168   Dynamic RAM (bytes): 65365
hint: 0	1144	Used ROM (bytes): 11422 (4%)  Free ROM (bytes): 250722 (96%)	Used ROM (bytes): 11422 (4%)  Free ROM (bytes): 250722 (96%)
diagnostics: 0	125	Project Linked Successfully	Click_Pressure8_STM.mcpar
diagnostics: 0	128	Linked in 281 ms	 
diagnostics: 0	129	Project 'Click_Pressure8_STM.mcpar' completed: 1203 ms	 
diagnostics: 0	103	Finished successfully: 09 nov 2018, 14:46:32	Click_Pressure8_STM.mcpar
